[20:47:52] [ServerMain/INFO]: Environment: authHost='https://authserver.mojang.com', accountsHost='https://api.mojang.com', sessionHost='https://sessionserver.mojang.com', servicesHost='https://api.minecraftservices.com', name='PROD'
[20:47:54] [ServerMain/INFO]: Loaded 7 recipes
[20:47:54] [ServerMain/INFO]: Loaded 1271 advancements
[20:47:55] [Server thread/INFO]: Starting minecraft server version 1.20.1
[20:47:55] [Server thread/INFO]: Loading properties
[20:47:55] [Server thread/INFO]: Default game type: SURVIVAL
[20:47:55] [Server thread/INFO]: Generating keypair
[20:47:55] [Server thread/INFO]: Starting Minecraft server on *:25565
[20:47:55] [Server thread/INFO]: Using epoll channel type
[20:47:55] [Server thread/WARN]: **** SERVER IS RUNNING IN OFFLINE/INSECURE MODE!
[20:47:55] [Server thread/WARN]: The server will make no attempt to authenticate usernames. Beware.
[20:47:55] [Server thread/WARN]: While this makes the game possible to play without internet access, it also opens up the ability for hackers to connect with any username they choose.
[20:47:55] [Server thread/WARN]: To change this, set "online-mode" to "true" in the server.properties file.
[20:47:55] [Server thread/INFO]: Preparing level "world"
[20:48:06] [Server thread/INFO]: Preparing start region for dimension minecraft:overworld
[20:48:08] [Worker-Main-1/INFO]: Preparing spawn area: 0%
[20:48:08] [Worker-Main-1/INFO]: Preparing spawn area: 0%
[20:48:08] [Worker-Main-1/INFO]: Preparing spawn area: 0%
[20:48:08] [Worker-Main-1/INFO]: Preparing spawn area: 0%
[20:48:08] [Worker-Main-1/INFO]: Preparing spawn area: 0%
[20:48:09] [Worker-Main-1/INFO]: Preparing spawn area: 0%
[20:48:09] [Worker-Main-1/INFO]: Preparing spawn area: 0%
[20:48:09] [Worker-Main-1/INFO]: Preparing spawn area: 0%
[20:48:10] [Worker-Main-1/INFO]: Preparing spawn area: 0%
[20:48:10] [Worker-Main-1/INFO]: Preparing spawn area: 0%
[20:48:11] [Worker-Main-1/INFO]: Preparing spawn area: 0%
[20:48:11] [Worker-Main-1/INFO]: Preparing spawn area: 0%
[20:48:12] [Worker-Main-1/INFO]: Preparing spawn area: 0%
[20:48:12] [Worker-Main-1/INFO]: Preparing spawn area: 0%
[20:48:13] [Worker-Main-1/INFO]: Preparing spawn area: 0%
[20:48:13] [Worker-Main-1/INFO]: Preparing spawn area: 0%
[20:48:14] [Worker-Main-1/INFO]: Preparing spawn area: 0%
[20:48:14] [Worker-Main-1/INFO]: Preparing spawn area: 0%
[20:48:15] [Worker-Main-1/INFO]: Preparing spawn area: 0%
[20:48:16] [Worker-Main-1/INFO]: Preparing spawn area: 0%
[20:48:16] [Worker-Main-1/INFO]: Preparing spawn area: 0%
[20:48:16] [Worker-Main-1/INFO]: Preparing spawn area: 0%
[20:48:17] [Worker-Main-1/INFO]: Preparing spawn area: 0%
[20:48:17] [Worker-Main-1/INFO]: Preparing spawn area: 0%
[20:48:18] [Worker-Main-1/INFO]: Preparing spawn area: 0%
[20:48:19] [Worker-Main-1/INFO]: Preparing spawn area: 0%
[20:48:19] [Worker-Main-1/INFO]: Preparing spawn area: 0%
[20:48:19] [Worker-Main-1/INFO]: Preparing spawn area: 0%
[20:48:20] [Worker-Main-1/INFO]: Preparing spawn area: 0%
[20:48:20] [Worker-Main-1/INFO]: Preparing spawn area: 0%
[20:48:21] [Worker-Main-1/INFO]: Preparing spawn area: 0%
[20:48:21] [Worker-Main-1/INFO]: Preparing spawn area: 0%
[20:48:22] [Worker-Main-1/INFO]: Preparing spawn area: 0%
[20:48:22] [Worker-Main-1/INFO]: Preparing spawn area: 0%
[20:48:23] [Worker-Main-1/INFO]: Preparing spawn area: 0%
[20:48:23] [Worker-Main-1/INFO]: Preparing spawn area: 0%
[20:48:24] [Worker-Main-1/INFO]: Preparing spawn area: 0%
[20:48:24] [Worker-Main-1/INFO]: Preparing spawn area: 0%
[20:48:25] [Worker-Main-1/INFO]: Preparing spawn area: 0%
[20:48:25] [Worker-Main-1/INFO]: Preparing spawn area: 0%
[20:48:26] [Worker-Main-1/INFO]: Preparing spawn area: 0%
[20:48:26] [Worker-Main-1/INFO]: Preparing spawn area: 0%
[20:48:27] [Worker-Main-1/INFO]: Preparing spawn area: 0%
[20:48:27] [Worker-Main-1/INFO]: Preparing spawn area: 0%
[20:48:28] [Worker-Main-1/INFO]: Preparing spawn area: 0%
[20:48:28] [Worker-Main-1/INFO]: Preparing spawn area: 0%
[20:48:29] [Worker-Main-1/INFO]: Preparing spawn area: 0%
[20:48:29] [Worker-Main-1/INFO]: Preparing spawn area: 0%
[20:48:30] [Worker-Main-1/INFO]: Preparing spawn area: 0%
[20:48:30] [Worker-Main-1/INFO]: Preparing spawn area: 0%
[20:48:31] [Worker-Main-1/INFO]: Preparing spawn area: 0%
[20:48:31] [Worker-Main-1/INFO]: Preparing spawn area: 0%
[20:48:32] [Worker-Main-1/INFO]: Preparing spawn area: 0%
[20:48:32] [Worker-Main-1/INFO]: Preparing spawn area: 0%
[20:48:33] [Worker-Main-1/INFO]: Preparing spawn area: 0%
[20:48:33] [Worker-Main-1/INFO]: Preparing spawn area: 0%
[20:48:34] [Worker-Main-1/INFO]: Preparing spawn area: 0%
[20:48:34] [Worker-Main-1/INFO]: Preparing spawn area: 0%
[20:48:35] [Worker-Main-1/INFO]: Preparing spawn area: 0%
[20:48:35] [Worker-Main-1/INFO]: Preparing spawn area: 0%
[20:48:36] [Worker-Main-1/INFO]: Preparing spawn area: 0%
[20:48:37] [Worker-Main-1/INFO]: Preparing spawn area: 0%
[20:48:37] [Worker-Main-1/INFO]: Preparing spawn area: 0%
[20:48:37] [Worker-Main-1/INFO]: Preparing spawn area: 0%
[20:48:38] [Worker-Main-1/INFO]: Preparing spawn area: 0%
[20:48:38] [Worker-Main-1/INFO]: Preparing spawn area: 0%
[20:48:39] [Worker-Main-1/INFO]: Preparing spawn area: 0%
[20:48:39] [Worker-Main-1/INFO]: Preparing spawn area: 0%
[20:48:40] [Worker-Main-1/INFO]: Preparing spawn area: 0%
[20:48:40] [Worker-Main-1/INFO]: Preparing spawn area: 0%
[20:48:41] [Worker-Main-1/INFO]: Preparing spawn area: 0%
[20:48:41] [Worker-Main-1/INFO]: Preparing spawn area: 0%
[20:48:42] [Worker-Main-1/INFO]: Preparing spawn area: 0%
[20:48:42] [Worker-Main-1/INFO]: Preparing spawn area: 0%
[20:48:43] [Worker-Main-1/INFO]: Preparing spawn area: 0%
[20:48:43] [Worker-Main-1/INFO]: Preparing spawn area: 0%
[20:48:44] [Worker-Main-1/INFO]: Preparing spawn area: 0%
[20:48:45] [Worker-Main-1/INFO]: Preparing spawn area: 0%
[20:48:45] [Worker-Main-1/INFO]: Preparing spawn area: 0%
[20:48:45] [Worker-Main-1/INFO]: Preparing spawn area: 0%
[20:48:46] [Worker-Main-1/INFO]: Preparing spawn area: 0%
[20:48:46] [Worker-Main-1/INFO]: Preparing spawn area: 0%
[20:48:48] [Worker-Main-1/INFO]: Preparing spawn area: 0%
[20:48:48] [Worker-Main-1/INFO]: Preparing spawn area: 0%
[20:48:48] [Worker-Main-1/INFO]: Preparing spawn area: 0%
[20:48:48] [Worker-Main-1/INFO]: Preparing spawn area: 0%
[20:48:49] [Worker-Main-1/INFO]: Preparing spawn area: 0%
[20:48:49] [Worker-Main-1/INFO]: Preparing spawn area: 0%
[20:48:50] [Worker-Main-1/INFO]: Preparing spawn area: 0%
[20:48:50] [Worker-Main-1/INFO]: Preparing spawn area: 0%
[20:48:51] [Worker-Main-1/INFO]: Preparing spawn area: 0%
[20:48:51] [Worker-Main-1/INFO]: Preparing spawn area: 1%
[20:48:52] [Worker-Main-1/INFO]: Preparing spawn area: 6%
[20:48:53] [Worker-Main-1/INFO]: Preparing spawn area: 17%
[20:48:53] [Worker-Main-1/INFO]: Preparing spawn area: 43%
[20:48:54] [Server thread/INFO]: Time elapsed: 48469 ms
[20:48:54] [Server thread/INFO]: Done (59.193s)! For help, type "help"
[20:49:17] [Server thread/INFO]: Stopping the server
[20:49:17] [Server thread/INFO]: Stopping server
[20:49:17] [Server thread/INFO]: Saving players
[20:49:17] [Server thread/INFO]: Saving worlds
[20:49:19] [Server thread/INFO]: Saving chunks for level 'ServerLevel[world]'/minecraft:overworld
[20:49:21] [Server thread/INFO]: Saving chunks for level 'ServerLevel[world]'/minecraft:the_end
[20:49:21] [Server thread/INFO]: Saving chunks for level 'ServerLevel[world]'/minecraft:the_nether
[20:49:21] [Server thread/INFO]: ThreadedAnvilChunkStorage (world): All chunks are saved
[20:49:21] [Server thread/INFO]: ThreadedAnvilChunkStorage (DIM1): All chunks are saved
[20:49:21] [Server thread/INFO]: ThreadedAnvilChunkStorage (DIM-1): All chunks are saved
[20:49:21] [Server thread/INFO]: ThreadedAnvilChunkStorage: All dimensions are saved
